{"D:\\LEARNING\\code challenge\\react_javascript_test\\react_project\\src\\App.jsx": {"path":"D:\\LEARNING\\code challenge\\react_javascript_test\\react_project\\src\\App.jsx","statementMap":{"0":{"start":{"line":13,"column":17},"end":{"line":22,"column":3}},"1":{"start":{"line":24,"column":2},"end":{"line":24,"column":44}}},"fnMap":{"0":{"name":"App","decl":{"start":{"line":12,"column":9},"end":{"line":12,"column":12}},"loc":{"start":{"line":12,"column":15},"end":{"line":25,"column":1}},"line":12}},"branchMap":{},"s":{"0":0,"1":0},"f":{"0":0},"b":{}}
,"D:\\LEARNING\\code challenge\\react_javascript_test\\react_project\\src\\main.jsx": {"path":"D:\\LEARNING\\code challenge\\react_javascript_test\\react_project\\src\\main.jsx","statementMap":{"0":{"start":{"line":7,"column":20},"end":{"line":13,"column":2}},"1":{"start":{"line":15,"column":0},"end":{"line":21,"column":2}}},"fnMap":{},"branchMap":{},"s":{"0":0,"1":0},"f":{},"b":{}}
,"D:\\LEARNING\\code challenge\\react_javascript_test\\react_project\\src\\assets\\api.js": {"path":"D:\\LEARNING\\code challenge\\react_javascript_test\\react_project\\src\\assets\\api.js","statementMap":{"0":{"start":{"line":1,"column":27},"end":{"line":6,"column":3}},"1":{"start":{"line":2,"column":21},"end":{"line":4,"column":5}},"2":{"start":{"line":5,"column":4},"end":{"line":5,"column":33}},"3":{"start":{"line":8,"column":28},"end":{"line":13,"column":3}},"4":{"start":{"line":9,"column":21},"end":{"line":11,"column":5}},"5":{"start":{"line":12,"column":4},"end":{"line":12,"column":32}},"6":{"start":{"line":15,"column":29},"end":{"line":20,"column":3}},"7":{"start":{"line":16,"column":21},"end":{"line":18,"column":5}},"8":{"start":{"line":19,"column":4},"end":{"line":19,"column":33}}},"fnMap":{"0":{"name":"(anonymous_0)","decl":{"start":{"line":1,"column":27},"end":{"line":1,"column":28}},"loc":{"start":{"line":1,"column":39},"end":{"line":6,"column":3}},"line":1},"1":{"name":"(anonymous_1)","decl":{"start":{"line":8,"column":28},"end":{"line":8,"column":29}},"loc":{"start":{"line":8,"column":44},"end":{"line":13,"column":3}},"line":8},"2":{"name":"(anonymous_2)","decl":{"start":{"line":15,"column":29},"end":{"line":15,"column":30}},"loc":{"start":{"line":15,"column":45},"end":{"line":20,"column":3}},"line":15}},"branchMap":{},"s":{"0":1,"1":0,"2":0,"3":1,"4":0,"5":0,"6":1,"7":0,"8":0},"f":{"0":0,"1":0,"2":0},"b":{},"_coverageSchema":"1a1c01bbd47fc00a2c39e90264f33305004495a9","hash":"fb6e493fbc5206090c7e2f1c4743596c7ba9ff53"}
,"D:\\LEARNING\\code challenge\\react_javascript_test\\react_project\\src\\components\\Chart.jsx": {"path":"D:\\LEARNING\\code challenge\\react_javascript_test\\react_project\\src\\components\\Chart.jsx","statementMap":{"0":{"start":{"line":18,"column":0},"end":{"line":26,"column":2}},"1":{"start":{"line":28,"column":23},"end":{"line":39,"column":1}},"2":{"start":{"line":41,"column":15},"end":{"line":41,"column":17}},"3":{"start":{"line":42,"column":0},"end":{"line":42,"column":21}},"4":{"start":{"line":44,"column":14},"end":{"line":88,"column":1}},"5":{"start":{"line":45,"column":28},"end":{"line":45,"column":33}},"6":{"start":{"line":46,"column":46},"end":{"line":53,"column":3}},"7":{"start":{"line":48,"column":10},"end":{"line":48,"column":27}},"8":{"start":{"line":55,"column":0},"end":{"line":57,"column":12}},"9":{"start":{"line":56,"column":2},"end":{"line":56,"column":14}},"10":{"start":{"line":58,"column":2},"end":{"line":62,"column":13}},"11":{"start":{"line":59,"column":4},"end":{"line":61,"column":5}},"12":{"start":{"line":60,"column":6},"end":{"line":60,"column":32}},"13":{"start":{"line":64,"column":2},"end":{"line":64,"column":29}},"14":{"start":{"line":66,"column":20},"end":{"line":76,"column":3}},"15":{"start":{"line":67,"column":32},"end":{"line":67,"column":35}},"16":{"start":{"line":71,"column":35},"end":{"line":71,"column":38}},"17":{"start":{"line":77,"column":2},"end":{"line":87,"column":4}}},"fnMap":{"0":{"name":"(anonymous_0)","decl":{"start":{"line":44,"column":14},"end":{"line":44,"column":15}},"loc":{"start":{"line":44,"column":25},"end":{"line":88,"column":1}},"line":44},"1":{"name":"(anonymous_1)","decl":{"start":{"line":48,"column":4},"end":{"line":48,"column":5}},"loc":{"start":{"line":48,"column":10},"end":{"line":48,"column":27}},"line":48},"2":{"name":"(anonymous_2)","decl":{"start":{"line":55,"column":10},"end":{"line":55,"column":11}},"loc":{"start":{"line":55,"column":15},"end":{"line":57,"column":1}},"line":55},"3":{"name":"(anonymous_3)","decl":{"start":{"line":58,"column":12},"end":{"line":58,"column":13}},"loc":{"start":{"line":58,"column":18},"end":{"line":62,"column":3}},"line":58},"4":{"name":"(anonymous_4)","decl":{"start":{"line":67,"column":25},"end":{"line":67,"column":26}},"loc":{"start":{"line":67,"column":32},"end":{"line":67,"column":35}},"line":67},"5":{"name":"(anonymous_5)","decl":{"start":{"line":71,"column":28},"end":{"line":71,"column":29}},"loc":{"start":{"line":71,"column":35},"end":{"line":71,"column":38}},"line":71}},"branchMap":{"0":{"loc":{"start":{"line":59,"column":4},"end":{"line":61,"column":5}},"type":"if","locations":[{"start":{"line":59,"column":4},"end":{"line":61,"column":5}},{"start":{},"end":{}}],"line":59},"1":{"loc":{"start":{"line":79,"column":7},"end":{"line":85,"column":7}},"type":"cond-expr","locations":[{"start":{"line":80,"column":8},"end":{"line":80,"column":28}},{"start":{"line":81,"column":10},"end":{"line":85,"column":7}}],"line":79},"2":{"loc":{"start":{"line":81,"column":10},"end":{"line":85,"column":7}},"type":"cond-expr","locations":[{"start":{"line":82,"column":8},"end":{"line":82,"column":26}},{"start":{"line":84,"column":8},"end":{"line":84,"column":51}}],"line":81}},"s":{"0":1,"1":1,"2":1,"3":1,"4":1,"5":0,"6":0,"7":0,"8":0,"9":0,"10":0,"11":0,"12":0,"13":0,"14":0,"15":0,"16":0,"17":0},"f":{"0":0,"1":0,"2":0,"3":0,"4":0,"5":0},"b":{"0":[0,0],"1":[0,0],"2":[0,0]},"_coverageSchema":"1a1c01bbd47fc00a2c39e90264f33305004495a9","hash":"bc755f6871cea05110ee065832fbfa82047450b5"}
,"D:\\LEARNING\\code challenge\\react_javascript_test\\react_project\\src\\pages\\Home.jsx": {"path":"D:\\LEARNING\\code challenge\\react_javascript_test\\react_project\\src\\pages\\Home.jsx","statementMap":{"0":{"start":{"line":5,"column":13},"end":{"line":26,"column":1}},"1":{"start":{"line":6,"column":2},"end":{"line":25,"column":4}}},"fnMap":{"0":{"name":"(anonymous_0)","decl":{"start":{"line":5,"column":13},"end":{"line":5,"column":14}},"loc":{"start":{"line":5,"column":19},"end":{"line":26,"column":1}},"line":5}},"branchMap":{},"s":{"0":0,"1":0},"f":{"0":0},"b":{}}
,"D:\\LEARNING\\code challenge\\react_javascript_test\\react_project\\src\\pages\\Layout.jsx": {"path":"D:\\LEARNING\\code challenge\\react_javascript_test\\react_project\\src\\pages\\Layout.jsx","statementMap":{"0":{"start":{"line":4,"column":15},"end":{"line":35,"column":1}},"1":{"start":{"line":5,"column":23},"end":{"line":5,"column":31}},"2":{"start":{"line":6,"column":38},"end":{"line":6,"column":53}},"3":{"start":{"line":8,"column":2},"end":{"line":19,"column":9}},"4":{"start":{"line":9,"column":27},"end":{"line":12,"column":6}},"5":{"start":{"line":10,"column":31},"end":{"line":10,"column":59}},"6":{"start":{"line":11,"column":6},"end":{"line":11,"column":45}},"7":{"start":{"line":14,"column":4},"end":{"line":14,"column":49}},"8":{"start":{"line":16,"column":4},"end":{"line":18,"column":6}},"9":{"start":{"line":17,"column":6},"end":{"line":17,"column":34}},"10":{"start":{"line":21,"column":2},"end":{"line":34,"column":4}}},"fnMap":{"0":{"name":"(anonymous_0)","decl":{"start":{"line":4,"column":15},"end":{"line":4,"column":16}},"loc":{"start":{"line":4,"column":21},"end":{"line":35,"column":1}},"line":4},"1":{"name":"(anonymous_1)","decl":{"start":{"line":8,"column":12},"end":{"line":8,"column":13}},"loc":{"start":{"line":8,"column":18},"end":{"line":19,"column":3}},"line":8},"2":{"name":"(anonymous_2)","decl":{"start":{"line":9,"column":46},"end":{"line":9,"column":47}},"loc":{"start":{"line":9,"column":59},"end":{"line":12,"column":5}},"line":9},"3":{"name":"(anonymous_3)","decl":{"start":{"line":16,"column":11},"end":{"line":16,"column":12}},"loc":{"start":{"line":16,"column":17},"end":{"line":18,"column":5}},"line":16}},"branchMap":{"0":{"loc":{"start":{"line":24,"column":8},"end":{"line":24,"column":56}},"type":"cond-expr","locations":[{"start":{"line":24,"column":21},"end":{"line":24,"column":36}},{"start":{"line":24,"column":39},"end":{"line":24,"column":56}}],"line":24},"1":{"loc":{"start":{"line":27,"column":43},"end":{"line":27,"column":69}},"type":"cond-expr","locations":[{"start":{"line":27,"column":56},"end":{"line":27,"column":64}},{"start":{"line":27,"column":67},"end":{"line":27,"column":69}}],"line":27}},"s":{"0":0,"1":0,"2":0,"3":0,"4":0,"5":0,"6":0,"7":0,"8":0,"9":0,"10":0},"f":{"0":0,"1":0,"2":0,"3":0},"b":{"0":[0,0],"1":[0,0]}}
,"D:\\LEARNING\\code challenge\\react_javascript_test\\react_project\\src\\pages\\Searchbar.cy.jsx": {"path":"D:\\LEARNING\\code challenge\\react_javascript_test\\react_project\\src\\pages\\Searchbar.cy.jsx","statementMap":{"0":{"start":{"line":6,"column":20},"end":{"line":12,"column":2}},"1":{"start":{"line":13,"column":0},"end":{"line":30,"column":3}},"2":{"start":{"line":14,"column":2},"end":{"line":29,"column":5}},"3":{"start":{"line":16,"column":4},"end":{"line":24,"column":6}},"4":{"start":{"line":25,"column":4},"end":{"line":25,"column":33}},"5":{"start":{"line":27,"column":4},"end":{"line":27,"column":58}}},"fnMap":{"0":{"name":"(anonymous_0)","decl":{"start":{"line":13,"column":37},"end":{"line":13,"column":38}},"loc":{"start":{"line":13,"column":43},"end":{"line":30,"column":1}},"line":13},"1":{"name":"(anonymous_1)","decl":{"start":{"line":14,"column":26},"end":{"line":14,"column":27}},"loc":{"start":{"line":14,"column":32},"end":{"line":29,"column":3}},"line":14}},"branchMap":{},"s":{"0":0,"1":0,"2":0,"3":0,"4":0,"5":0},"f":{"0":0,"1":0},"b":{}}
,"D:\\LEARNING\\code challenge\\react_javascript_test\\react_project\\src\\pages\\Searchbar.jsx": {"path":"D:\\LEARNING\\code challenge\\react_javascript_test\\react_project\\src\\pages\\Searchbar.jsx","statementMap":{"0":{"start":{"line":9,"column":18},"end":{"line":122,"column":1}},"1":{"start":{"line":10,"column":40},"end":{"line":10,"column":52}},"2":{"start":{"line":11,"column":38},"end":{"line":11,"column":50}},"3":{"start":{"line":12,"column":40},"end":{"line":12,"column":52}},"4":{"start":{"line":13,"column":26},"end":{"line":13,"column":38}},"5":{"start":{"line":14,"column":32},"end":{"line":14,"column":47}},"6":{"start":{"line":15,"column":36},"end":{"line":15,"column":51}},"7":{"start":{"line":17,"column":35},"end":{"line":23,"column":3}},"8":{"start":{"line":19,"column":10},"end":{"line":19,"column":33}},"9":{"start":{"line":25,"column":29},"end":{"line":35,"column":3}},"10":{"start":{"line":26,"column":4},"end":{"line":26,"column":32}},"11":{"start":{"line":27,"column":22},"end":{"line":27,"column":36}},"12":{"start":{"line":28,"column":4},"end":{"line":28,"column":21}},"13":{"start":{"line":29,"column":4},"end":{"line":29,"column":57}},"14":{"start":{"line":29,"column":31},"end":{"line":29,"column":57}},"15":{"start":{"line":30,"column":4},"end":{"line":34,"column":5}},"16":{"start":{"line":31,"column":6},"end":{"line":31,"column":25}},"17":{"start":{"line":32,"column":6},"end":{"line":32,"column":26}},"18":{"start":{"line":33,"column":6},"end":{"line":33,"column":24}},"19":{"start":{"line":37,"column":2},"end":{"line":43,"column":26}},"20":{"start":{"line":38,"column":4},"end":{"line":42,"column":5}},"21":{"start":{"line":39,"column":6},"end":{"line":39,"column":40}},"22":{"start":{"line":40,"column":6},"end":{"line":40,"column":24}},"23":{"start":{"line":41,"column":6},"end":{"line":41,"column":24}},"24":{"start":{"line":45,"column":2},"end":{"line":121,"column":4}},"25":{"start":{"line":47,"column":29},"end":{"line":47,"column":47}},"26":{"start":{"line":88,"column":16},"end":{"line":106,"column":18}},"27":{"start":{"line":96,"column":22},"end":{"line":96,"column":43}},"28":{"start":{"line":97,"column":22},"end":{"line":97,"column":49}},"29":{"start":{"line":98,"column":22},"end":{"line":98,"column":41}}},"fnMap":{"0":{"name":"(anonymous_0)","decl":{"start":{"line":9,"column":18},"end":{"line":9,"column":19}},"loc":{"start":{"line":9,"column":24},"end":{"line":122,"column":1}},"line":9},"1":{"name":"(anonymous_1)","decl":{"start":{"line":19,"column":4},"end":{"line":19,"column":5}},"loc":{"start":{"line":19,"column":10},"end":{"line":19,"column":33}},"line":19},"2":{"name":"(anonymous_2)","decl":{"start":{"line":25,"column":29},"end":{"line":25,"column":30}},"loc":{"start":{"line":25,"column":36},"end":{"line":35,"column":3}},"line":25},"3":{"name":"(anonymous_3)","decl":{"start":{"line":37,"column":12},"end":{"line":37,"column":13}},"loc":{"start":{"line":37,"column":18},"end":{"line":43,"column":3}},"line":37},"4":{"name":"(anonymous_4)","decl":{"start":{"line":47,"column":22},"end":{"line":47,"column":23}},"loc":{"start":{"line":47,"column":29},"end":{"line":47,"column":47}},"line":47},"5":{"name":"(anonymous_5)","decl":{"start":{"line":87,"column":30},"end":{"line":87,"column":31}},"loc":{"start":{"line":87,"column":37},"end":{"line":107,"column":15}},"line":87},"6":{"name":"(anonymous_6)","decl":{"start":{"line":95,"column":29},"end":{"line":95,"column":30}},"loc":{"start":{"line":95,"column":35},"end":{"line":99,"column":21}},"line":95}},"branchMap":{"0":{"loc":{"start":{"line":21,"column":15},"end":{"line":21,"column":55}},"type":"binary-expr","locations":[{"start":{"line":21,"column":15},"end":{"line":21,"column":28}},{"start":{"line":21,"column":32},"end":{"line":21,"column":55}}],"line":21},"1":{"loc":{"start":{"line":29,"column":4},"end":{"line":29,"column":57}},"type":"if","locations":[{"start":{"line":29,"column":4},"end":{"line":29,"column":57}},{"start":{},"end":{}}],"line":29},"2":{"loc":{"start":{"line":30,"column":4},"end":{"line":34,"column":5}},"type":"if","locations":[{"start":{"line":30,"column":4},"end":{"line":34,"column":5}},{"start":{},"end":{}}],"line":30},"3":{"loc":{"start":{"line":38,"column":4},"end":{"line":42,"column":5}},"type":"if","locations":[{"start":{"line":38,"column":4},"end":{"line":42,"column":5}},{"start":{},"end":{}}],"line":38},"4":{"loc":{"start":{"line":80,"column":9},"end":{"line":112,"column":9}},"type":"cond-expr","locations":[{"start":{"line":81,"column":10},"end":{"line":81,"column":52}},{"start":{"line":82,"column":12},"end":{"line":112,"column":9}}],"line":80},"5":{"loc":{"start":{"line":82,"column":12},"end":{"line":112,"column":9}},"type":"cond-expr","locations":[{"start":{"line":83,"column":10},"end":{"line":83,"column":28}},{"start":{"line":84,"column":12},"end":{"line":112,"column":9}}],"line":82},"6":{"loc":{"start":{"line":84,"column":12},"end":{"line":112,"column":9}},"type":"cond-expr","locations":[{"start":{"line":85,"column":10},"end":{"line":109,"column":16}},{"start":{"line":111,"column":10},"end":{"line":111,"column":12}}],"line":84},"7":{"loc":{"start":{"line":92,"column":22},"end":{"line":92,"column":79}},"type":"cond-expr","locations":[{"start":{"line":92,"column":51},"end":{"line":92,"column":74}},{"start":{"line":92,"column":77},"end":{"line":92,"column":79}}],"line":92},"8":{"loc":{"start":{"line":114,"column":7},"end":{"line":119,"column":7}},"type":"binary-expr","locations":[{"start":{"line":114,"column":7},"end":{"line":114,"column":16}},{"start":{"line":115,"column":8},"end":{"line":118,"column":14}}],"line":114}},"s":{"0":1,"1":4,"2":4,"3":4,"4":4,"5":4,"6":4,"7":4,"8":1,"9":4,"10":1,"11":1,"12":1,"13":1,"14":1,"15":1,"16":0,"17":0,"18":0,"19":4,"20":3,"21":1,"22":1,"23":1,"24":4,"25":0,"26":2,"27":0,"28":0,"29":0},"f":{"0":4,"1":1,"2":1,"3":3,"4":0,"5":2,"6":0},"b":{"0":[4,3],"1":[1,0],"2":[0,1],"3":[1,2],"4":[2,2],"5":[0,2],"6":[2,0],"7":[0,2],"8":[4,0]},"_coverageSchema":"1a1c01bbd47fc00a2c39e90264f33305004495a9","hash":"fd278a498fc03b00ae58a68ec5a27b6fcad9cba1"}
,"D:\\LEARNING\\code challenge\\react_javascript_test\\react_project\\src\\pages\\Table.jsx": {"path":"D:\\LEARNING\\code challenge\\react_javascript_test\\react_project\\src\\pages\\Table.jsx","statementMap":{"0":{"start":{"line":8,"column":27},"end":{"line":11,"column":1}},"1":{"start":{"line":9,"column":20},"end":{"line":9,"column":39}},"2":{"start":{"line":10,"column":2},"end":{"line":10,"column":30}},"3":{"start":{"line":13,"column":14},"end":{"line":131,"column":1}},"4":{"start":{"line":14,"column":24},"end":{"line":14,"column":39}},"5":{"start":{"line":16,"column":44},"end":{"line":16,"column":56}},"6":{"start":{"line":17,"column":42},"end":{"line":17,"column":57}},"7":{"start":{"line":19,"column":24},"end":{"line":26,"column":3}},"8":{"start":{"line":20,"column":4},"end":{"line":25,"column":5}},"9":{"start":{"line":21,"column":6},"end":{"line":21,"column":63}},"10":{"start":{"line":23,"column":6},"end":{"line":23,"column":31}},"11":{"start":{"line":24,"column":6},"end":{"line":24,"column":29}},"12":{"start":{"line":28,"column":21},"end":{"line":47,"column":4}},"13":{"start":{"line":29,"column":4},"end":{"line":45,"column":5}},"14":{"start":{"line":30,"column":6},"end":{"line":30,"column":64}},"15":{"start":{"line":31,"column":11},"end":{"line":45,"column":5}},"16":{"start":{"line":32,"column":6},"end":{"line":34,"column":49}},"17":{"start":{"line":35,"column":11},"end":{"line":45,"column":5}},"18":{"start":{"line":36,"column":6},"end":{"line":38,"column":37}},"19":{"start":{"line":39,"column":11},"end":{"line":45,"column":5}},"20":{"start":{"line":40,"column":6},"end":{"line":42,"column":56}},"21":{"start":{"line":43,"column":11},"end":{"line":45,"column":5}},"22":{"start":{"line":44,"column":6},"end":{"line":44,"column":68}},"23":{"start":{"line":46,"column":4},"end":{"line":46,"column":13}},"24":{"start":{"line":49,"column":22},"end":{"line":55,"column":3}},"25":{"start":{"line":57,"column":19},"end":{"line":59,"column":3}},"26":{"start":{"line":61,"column":19},"end":{"line":64,"column":3}},"27":{"start":{"line":65,"column":2},"end":{"line":130,"column":4}},"28":{"start":{"line":74,"column":39},"end":{"line":74,"column":58}},"29":{"start":{"line":82,"column":39},"end":{"line":82,"column":65}},"30":{"start":{"line":90,"column":39},"end":{"line":90,"column":59}},"31":{"start":{"line":98,"column":39},"end":{"line":98,"column":71}},"32":{"start":{"line":106,"column":39},"end":{"line":106,"column":59}},"33":{"start":{"line":118,"column":14},"end":{"line":124,"column":19}}},"fnMap":{"0":{"name":"(anonymous_0)","decl":{"start":{"line":8,"column":27},"end":{"line":8,"column":28}},"loc":{"start":{"line":8,"column":39},"end":{"line":11,"column":1}},"line":8},"1":{"name":"(anonymous_1)","decl":{"start":{"line":13,"column":14},"end":{"line":13,"column":15}},"loc":{"start":{"line":13,"column":20},"end":{"line":131,"column":1}},"line":13},"2":{"name":"(anonymous_2)","decl":{"start":{"line":19,"column":24},"end":{"line":19,"column":25}},"loc":{"start":{"line":19,"column":36},"end":{"line":26,"column":3}},"line":19},"3":{"name":"(anonymous_3)","decl":{"start":{"line":28,"column":47},"end":{"line":28,"column":48}},"loc":{"start":{"line":28,"column":57},"end":{"line":47,"column":3}},"line":28},"4":{"name":"(anonymous_4)","decl":{"start":{"line":74,"column":33},"end":{"line":74,"column":34}},"loc":{"start":{"line":74,"column":39},"end":{"line":74,"column":58}},"line":74},"5":{"name":"(anonymous_5)","decl":{"start":{"line":82,"column":33},"end":{"line":82,"column":34}},"loc":{"start":{"line":82,"column":39},"end":{"line":82,"column":65}},"line":82},"6":{"name":"(anonymous_6)","decl":{"start":{"line":90,"column":33},"end":{"line":90,"column":34}},"loc":{"start":{"line":90,"column":39},"end":{"line":90,"column":59}},"line":90},"7":{"name":"(anonymous_7)","decl":{"start":{"line":98,"column":33},"end":{"line":98,"column":34}},"loc":{"start":{"line":98,"column":39},"end":{"line":98,"column":71}},"line":98},"8":{"name":"(anonymous_8)","decl":{"start":{"line":106,"column":33},"end":{"line":106,"column":34}},"loc":{"start":{"line":106,"column":39},"end":{"line":106,"column":59}},"line":106},"9":{"name":"(anonymous_9)","decl":{"start":{"line":117,"column":28},"end":{"line":117,"column":29}},"loc":{"start":{"line":118,"column":14},"end":{"line":124,"column":19}},"line":118}},"branchMap":{"0":{"loc":{"start":{"line":20,"column":4},"end":{"line":25,"column":5}},"type":"if","locations":[{"start":{"line":20,"column":4},"end":{"line":25,"column":5}},{"start":{"line":22,"column":11},"end":{"line":25,"column":5}}],"line":20},"1":{"loc":{"start":{"line":21,"column":22},"end":{"line":21,"column":61}},"type":"cond-expr","locations":[{"start":{"line":21,"column":47},"end":{"line":21,"column":53}},{"start":{"line":21,"column":56},"end":{"line":21,"column":61}}],"line":21},"2":{"loc":{"start":{"line":29,"column":4},"end":{"line":45,"column":5}},"type":"if","locations":[{"start":{"line":29,"column":4},"end":{"line":45,"column":5}},{"start":{"line":31,"column":11},"end":{"line":45,"column":5}}],"line":29},"3":{"loc":{"start":{"line":30,"column":13},"end":{"line":30,"column":63}},"type":"cond-expr","locations":[{"start":{"line":30,"column":38},"end":{"line":30,"column":49}},{"start":{"line":30,"column":52},"end":{"line":30,"column":63}}],"line":30},"4":{"loc":{"start":{"line":31,"column":11},"end":{"line":45,"column":5}},"type":"if","locations":[{"start":{"line":31,"column":11},"end":{"line":45,"column":5}},{"start":{"line":35,"column":11},"end":{"line":45,"column":5}}],"line":31},"5":{"loc":{"start":{"line":32,"column":13},"end":{"line":34,"column":48}},"type":"cond-expr","locations":[{"start":{"line":33,"column":10},"end":{"line":33,"column":48}},{"start":{"line":34,"column":10},"end":{"line":34,"column":48}}],"line":32},"6":{"loc":{"start":{"line":35,"column":11},"end":{"line":45,"column":5}},"type":"if","locations":[{"start":{"line":35,"column":11},"end":{"line":45,"column":5}},{"start":{"line":39,"column":11},"end":{"line":45,"column":5}}],"line":35},"7":{"loc":{"start":{"line":36,"column":13},"end":{"line":38,"column":36}},"type":"cond-expr","locations":[{"start":{"line":37,"column":10},"end":{"line":37,"column":36}},{"start":{"line":38,"column":10},"end":{"line":38,"column":36}}],"line":36},"8":{"loc":{"start":{"line":39,"column":11},"end":{"line":45,"column":5}},"type":"if","locations":[{"start":{"line":39,"column":11},"end":{"line":45,"column":5}},{"start":{"line":43,"column":11},"end":{"line":45,"column":5}}],"line":39},"9":{"loc":{"start":{"line":40,"column":13},"end":{"line":42,"column":55}},"type":"cond-expr","locations":[{"start":{"line":41,"column":10},"end":{"line":41,"column":55}},{"start":{"line":42,"column":10},"end":{"line":42,"column":55}}],"line":40},"10":{"loc":{"start":{"line":43,"column":11},"end":{"line":45,"column":5}},"type":"if","locations":[{"start":{"line":43,"column":11},"end":{"line":45,"column":5}},{"start":{},"end":{}}],"line":43},"11":{"loc":{"start":{"line":44,"column":13},"end":{"line":44,"column":67}},"type":"cond-expr","locations":[{"start":{"line":44,"column":38},"end":{"line":44,"column":51}},{"start":{"line":44,"column":54},"end":{"line":44,"column":67}}],"line":44},"12":{"loc":{"start":{"line":76,"column":17},"end":{"line":80,"column":17}},"type":"cond-expr","locations":[{"start":{"line":77,"column":18},"end":{"line":77,"column":52}},{"start":{"line":79,"column":18},"end":{"line":79,"column":52}}],"line":76},"13":{"loc":{"start":{"line":84,"column":17},"end":{"line":88,"column":17}},"type":"cond-expr","locations":[{"start":{"line":85,"column":18},"end":{"line":85,"column":52}},{"start":{"line":87,"column":18},"end":{"line":87,"column":52}}],"line":84},"14":{"loc":{"start":{"line":92,"column":17},"end":{"line":96,"column":17}},"type":"cond-expr","locations":[{"start":{"line":93,"column":18},"end":{"line":93,"column":52}},{"start":{"line":95,"column":18},"end":{"line":95,"column":52}}],"line":92},"15":{"loc":{"start":{"line":100,"column":17},"end":{"line":104,"column":17}},"type":"cond-expr","locations":[{"start":{"line":101,"column":18},"end":{"line":101,"column":52}},{"start":{"line":103,"column":18},"end":{"line":103,"column":52}}],"line":100},"16":{"loc":{"start":{"line":108,"column":17},"end":{"line":112,"column":17}},"type":"cond-expr","locations":[{"start":{"line":109,"column":18},"end":{"line":109,"column":52}},{"start":{"line":111,"column":18},"end":{"line":111,"column":52}}],"line":108}},"s":{"0":0,"1":0,"2":0,"3":0,"4":0,"5":0,"6":0,"7":0,"8":0,"9":0,"10":0,"11":0,"12":0,"13":0,"14":0,"15":0,"16":0,"17":0,"18":0,"19":0,"20":0,"21":0,"22":0,"23":0,"24":0,"25":0,"26":0,"27":0,"28":0,"29":0,"30":0,"31":0,"32":0,"33":0},"f":{"0":0,"1":0,"2":0,"3":0,"4":0,"5":0,"6":0,"7":0,"8":0,"9":0},"b":{"0":[0,0],"1":[0,0],"2":[0,0],"3":[0,0],"4":[0,0],"5":[0,0],"6":[0,0],"7":[0,0],"8":[0,0],"9":[0,0],"10":[0,0],"11":[0,0],"12":[0,0],"13":[0,0],"14":[0,0],"15":[0,0],"16":[0,0]}}
}
